<?xml version="1.0" encoding="UTF-8"?>
<!-- Generated by org.testng.reporters.JUnitReportReporter -->
<testsuite hostname="DESKTOP-K9CNP8L" failures="0" tests="3" name="test.TestNG" time="7.263" errors="0" timestamp="2021-04-25T17:55:42 CDT" skipped="0">
  <testcase classname="test.TestNG" name="addCategory" time="3.197"/>
  <system-out/>
  <testcase classname="test.TestNG" name="duplicateCategory" time="2.187"/>
  <system-out/>
  <testcase classname="test.TestNG" name="dueDateDropDown" time="1.879"/>
  <system-out/>
</testsuite> <!-- test.TestNG -->
